600.0
start turn
bot;amarok.Rookie;713.7456766128032;121.27136062536127;4.6602605850892
vector;713.7456766128032;600.0;0.0;0.7853981633974483
vector;800.0;121.27136062536127;-246.0908739830642;2.356194490192345
vector;713.7456766128032;0.0;-194.22413601909355;2.356194490192345
vector;0.0;121.27136062536127;0.0;3.9269908169872414
vector;713.7456766128032;121.27136062536127;440.3150100021577;5.497787143782138
end turn
start turn
bot;amarok.Rookie;712.7531586983455;121.39345972232988;4.834793510288633
vector;712.7531586983455;600.0;0.0;0.7853981633974483
vector;800.0;121.39345972232988;-244.5363456894812;2.356194490192345
vector;712.7531586983455;0.0;-194.05401071373254;2.356194490192345
vector;0.0;121.39345972232988;0.0;3.9269908169872414
vector;712.7531586983455;121.39345972232988;438.5903564032137;5.497787143782138
end turn
start turn
bot;amarok.Rookie;710.8331885919234;121.95356220442187;4.996236466098108
vector;710.8331885919234;600.0;0.0;0.7853981633974483
vector;800.0;121.95356220442187;-241.54317782555557;2.356194490192345
vector;710.8331885919234;0.0;-193.27455392702572;2.356194490192345
vector;0.0;121.95356220442187;0.0;3.9269908169872414
vector;710.8331885919234;121.95356220442187;434.81773175258127;5.497787143782138
end turn
start turn
bot;amarok.Rookie;708.1090498803507;123.21017204049296;5.144589452517626
vector;708.1090498803507;600.0;0.0;0.7853981633974483
vector;800.0;123.21017204049296;-237.32796654543105;2.356194490192345
vector;708.1090498803507;0.0;-191.53152215463376;2.356194490192345
vector;0.0;123.21017204049296;0.0;3.9269908169872414
vector;708.1090498803507;123.21017204049296;428.8594887000648;5.497787143782138
end turn
start turn
bot;amarok.Rookie;704.7359816887991;125.36015133693832;5.279852469547186
vector;704.7359816887991;600.0;0.0;0.7853981633974483
vector;800.0;125.36015133693832;-232.16004633959037;2.356194490192345
vector;704.7359816887991;0.0;-188.56761618417354;2.356194490192345
vector;0.0;125.36015133693832;0.0;3.9269908169872414
vector;704.7359816887991;125.36015133693832;420.7276625237639;5.497787143782138
end turn
start turn
bot;amarok.Rookie;700.8785950793545;128.54143544013897;5.4020255171867895
vector;700.8785950793545;600.0;0.0;0.7853981633974483
vector;800.0;128.54143544013897;-226.31982244231534;2.356194490192345
vector;700.8785950793545;0.0;-184.22438068225057;2.356194490192345
vector;0.0;128.54143544013897;0.0;3.9269908169872414
vector;700.8785950793545;128.54143544013897;410.5442031245659;5.497787143782138
end turn
start turn
bot;amarok.Rookie;696.6359543922351;132.78407612725826;5.497787143782138
vector;696.6359543922351;600.0;0.0;0.7853981633974483
vector;800.0;132.78407612725826;-219.98222359548052;2.356194490192345
vector;696.6359543922351;0.0;-178.51087492790728;2.356194490192345
vector;0.0;132.78407612725826;0.0;3.9269908169872414
vector;696.6359543922351;132.78407612725826;398.49309852338774;5.497787143782138
end turn
start turn
bot;amarok.Rookie;691.6862069239293;137.7338235955641;5.497787143782138
vector;691.6862069239293;600.0;0.0;0.7853981633974483
vector;800.0;137.7338235955641;-212.70210827417318;2.356194490192345
vector;691.6862069239293;0.0;-171.9588682145067;2.356194490192345
vector;0.0;137.7338235955641;0.0;3.9269908169872414
vector;691.6862069239293;137.7338235955641;384.6609764886799;5.497787143782138
end turn
start turn
bot;amarok.Rookie;686.0293526744368;143.39067784505647;5.497787143782138
vector;686.0293526744368;600.0;0.0;0.7853981633974483
vector;800.0;143.39067784505647;-204.53197647839346;2.356194490192345
vector;686.0293526744368;0.0;-164.62086054204897;2.356194490192345
vector;0.0;143.39067784505647;0.0;3.9269908169872414
bot;sch.Simone 0.1l;251.432176489085;370.0154683621096;2.5505912706854907
vector;251.432176489085;370.0154683621096;0.0;5.1930563721683525
vector;686.0293526744368;143.39067784505647;369.15283702044246;5.497787143782138
end turn
start turn
bot;amarok.Rookie;680.3724984249444;149.04753209454884;5.497787143782138
vector;680.3724984249444;600.0;0.0;0.7853981633974483
vector;800.0;149.04753209454884;-196.52184468261362;2.356194490192345
vector;680.3724984249444;0.0;-157.44285286959123;2.356194490192345
vector;0.0;149.04753209454884;0.0;3.9269908169872414
bot;sch.Simone 0.1l;251.432176489085;370.0154683621096;2.5505912706854907
vector;251.432176489085;370.0154683621096;0.0;5.188081766382842
vector;680.3724984249444;149.04753209454884;353.9646975522048;5.497787143782138
end turn
start turn
bot;amarok.Rookie;674.715644175452;154.7043863440412;5.497787143782138
vector;674.715644175452;600.0;0.0;0.7853981633974483
vector;800.0;154.7043863440412;-188.6717128868339;2.356194490192345
vector;674.715644175452;0.0;-150.4248451971335;2.356194490192345
vector;0.0;154.7043863440412;0.0;3.9269908169872414
bot;sch.Simone 0.1l;251.432176489085;370.0154683621096;2.5505912706854907
vector;251.432176489085;370.0154683621096;0.0;5.182947533386934
vector;674.715644175452;154.7043863440412;339.0965580839674;5.497787143782138
end turn
start turn
bot;amarok.Rookie;669.0587899259596;160.36124059353358;5.497787143782138
vector;669.0587899259596;600.0;0.0;0.7853981633974483
vector;800.0;160.36124059353358;-180.9815810910541;2.356194490192345
vector;669.0587899259596;0.0;-143.56683752467575;2.356194490192345
vector;0.0;160.36124059353358;0.0;3.9269908169872414
bot;sch.Simone 0.1l;250.74889388703133;370.05154596537426;2.992448535058228
vector;250.74889388703133;370.05154596537426;0.0;5.177059913478052
vector;669.0587899259596;160.36124059353358;324.5484186157298;5.497787143782138
end turn
start turn
bot;amarok.Rookie;663.4019356764671;166.01809484302595;5.497787143782138
vector;663.4019356764671;600.0;0.0;0.7853981633974483
vector;800.0;166.01809484302595;-173.45144929527433;2.356194490192345
vector;663.4019356764671;0.0;-136.86882985221797;2.356194490192345
vector;0.0;166.01809484302595;0.0;3.9269908169872414
bot;sch.Simone 0.1l;250.748088099021;367.133076567389;3.1418687531063516
vector;250.748088099021;367.133076567389;0.0;5.165881391113448
vector;663.4019356764671;166.01809484302595;310.32027914749233;5.497787143782138
end turn
start turn
bot;amarok.Rookie;657.7450814269747;171.67494909251832;5.497787143782138
vector;657.7450814269747;600.0;0.0;0.7853981633974483
vector;800.0;171.67494909251832;-166.08131749949456;2.356194490192345
vector;657.7450814269747;0.0;-130.33082217976025;2.356194490192345
vector;0.0;171.67494909251832;0.0;3.9269908169872414
bot;sch.Simone 0.1l;250.21446359676463;363.25111209236997;3.2781990017645177
vector;250.21446359676463;363.25111209236997;0.0;5.151823771873821
vector;657.7450814269747;171.67494909251832;296.4121396792548;5.497787143782138
end turn
start turn
bot;amarok.Rookie;652.0882271774823;177.3318033420107;5.497787143782138
vector;652.0882271774823;600.0;0.0;0.7853981633974483
vector;800.0;177.3318033420107;-158.87118570371481;2.356194490192345
vector;652.0882271774823;0.0;-123.9528145073025;2.356194490192345
vector;0.0;177.3318033420107;0.0;3.9269908169872414
bot;sch.Simone 0.1l;248.97258364642437;358.5798849069912;3.4014392810327263
vector;248.97258364642437;358.5798849069912;0.0;5.134925255938378
vector;652.0882271774823;177.3318033420107;282.8240002110173;5.497787143782138
end turn
start turn
bot;amarok.Rookie;646.4313729279899;182.98865759150306;5.497787143782138
vector;646.4313729279899;600.0;0.0;0.7853981633974483
vector;800.0;182.98865759150306;-151.821053907935;2.356194490192345
vector;646.4313729279899;0.0;-117.73480683484476;2.356194490192345
vector;0.0;182.98865759150306;0.0;3.9269908169872414
bot;sch.Simone 0.1l;247.21972101583378;354.07543135225706;3.5127019651452587
vector;247.21972101583378;354.07543135225706;0.0;5.1172724409260635
vector;646.4313729279899;182.98865759150306;269.55586074277977;5.497787143782138
end turn
start turn
bot;amarok.Rookie;640.7745186784974;188.64551184099543;5.497787143782138
vector;640.7745186784974;600.0;0.0;0.7853981633974483
vector;800.0;188.64551184099543;-144.9309221121553;2.356194490192345
vector;640.7745186784974;0.0;-111.67679916238704;2.356194490192345
vector;0.0;188.64551184099543;0.0;3.9269908169872414
bot;sch.Simone 0.1l;245.69371011936664;349.4891561781818;3.462803949099461
vector;245.69371011936664;349.4891561781818;0.0;5.099014587030921
vector;640.7745186784974;188.64551184099543;256.6077212745423;5.497787143782138
end turn
start turn
bot;amarok.Rookie;635.117664429005;194.3023660904878;5.497787143782138
vector;635.117664429005;600.0;0.0;0.7853981633974483
vector;800.0;194.3023660904878;-138.20079031637547;2.356194490192345
vector;635.117664429005;0.0;-105.77879148992926;2.356194490192345
vector;0.0;194.3023660904878;0.0;3.9269908169872414
bot;sch.Simone 0.1l;244.68636413021306;344.7618013907119;3.3515412649869285
vector;244.68636413021306;344.7618013907119;0.0;5.080217621971001
vector;635.117664429005;194.3023660904878;243.9795818063047;5.497787143782138
end turn
start turn
bot;amarok.Rookie;629.4608101795126;199.95922033998016;5.497787143782138
vector;629.4608101795126;600.0;0.0;0.7853981633974483
vector;800.0;199.95922033998016;-131.63065852059577;2.356194490192345
vector;629.4608101795126;0.0;-100.0407838174715;2.356194490192345
vector;0.0;199.95922033998016;0.0;3.9269908169872414
bot;sch.Simone 0.1l;244.05072771268567;339.97028852177465;3.2734813907086577
vector;244.05072771268567;339.97028852177465;0.0;5.060843583852339
vector;629.4608101795126;199.95922033998016;231.6714423380673;5.497787143782138
end turn
start turn
bot;amarok.Rookie;623.8039559300202;205.61607458947253;5.497787143782138
vector;623.8039559300202;600.0;-0.07885073448629769;0.7853981633974483
vector;800.0;205.61607458947253;-125.22052672481598;2.356194490192345
vector;623.8039559300202;0.0;-94.46277614501378;2.356194490192345
vector;0.0;205.61607458947253;0.0;3.9269908169872414
bot;sch.Simone 0.1l;242.93538920160142;335.2672417184598;3.374443322897885
vector;242.93538920160142;335.2672417184598;0.0;5.040494246660961
vector;623.8039559300202;205.61607458947253;219.68331702074167;5.497428214677968
end turn
start turn
bot;amarok.Rookie;618.1450716353297;211.27089806499376;5.497428214677968
vector;618.1450716353297;600.0;-0.3175828579786985;0.7853981633974483
vector;800.0;211.27089806499376;-118.96818069695783;2.356194490192345
vector;618.1450716353297;0.0;-89.04668479298495;2.356194490192345
vector;0.0;211.27089806499376;0.0;3.9269908169872414
bot;sch.Simone 0.1l;241.3782471242984;330.69144257737275;3.469599585100624
vector;241.3782471242984;330.69144257737275;-0.05664854934166643;5.019333159280763
vector;618.1450716353297;211.27089806499376;207.964782428895;5.496385456710647
end turn
0007424;166.05177308118937;3.9264336101554944
vector;385.10979570007424;600.0;0.0;5.497787143782138
vector;800.0;166.05177308118937;0.0;2.356194490192345
vector;385.10979570007424;0.0;-136.82943219613827;3.9269908169872414
vector;0.0;166.05177308118937;-0.5542954602338186;3.9269908169872414
bot;sch.Simone 0.1l;625.5172253781618;368.05099676647274;5.192435658360904
vector;625.5172253781618;368.05099676647274;-18.48765932372058;0.8719975491531269
vector;385.10979570007424;166.05177308118937;118.9760944591667;0.7719579196907516
end turn
start turn
bot;amarok.Rookie;390.3549028827283;172.09237327011684;3.856620440075721
vector;390.3549028827283;600.0;0.0;5.497787143782138
vector;800.0;172.09237327011684;0.0;2.356194490192345
vector;390.3549028827283;0.0;-129.8547158041194;3.9269908169872414
vector;0.0;172.09237327011684;-0.23256974600400662;3.9269908169872414
bot;sch.Simone 0.1l;622.2598070896073;370.17356523985825;5.289895640322433
vector;622.2598070896073;370.17356523985825;-22.569475258563344;0.8638988545368544
vector;390.3549028827283;172.09237327011684;107.6018723636717;0.7689488202229162
end turn
start turn
bot;amarok.Rookie;396.0086042163813;177.75237867911164;3.9264336101554944
vector;396.0086042163813;600.0;0.0;5.497787143782138
vector;800.0;177.75237867911164;0.0;2.356194490192345
vector;396.0086042163813;0.0;-123.48501295698249;3.9269908169872414
vector;0.0;177.75237867911164;-0.039828100753723124;3.9269908169872414
bot;sch.Simone 0.1l;620.8172270514716;371.3914638670356;5.413535561063877
vector;620.8172270514716;371.3914638670356;-26.673637155845046;0.8597493422612841
vector;396.0086042163813;177.75237867911164;96.94514736950134;0.7649584852780258
end turn
start turn
bot;amarok.Rookie;401.25371139903535;183.7929788680391;3.856620440075721
vector;401.25371139903535;600.0;0.0;0.7853981633974483
vector;800.0;183.7929788680391;-0.0039294806801779564;2.356194490192345
vector;401.25371139903535;0.0;-116.86368996689045;2.356194490192345
vector;0.0;183.7929788680391;0.0;3.9269908169872414
bot;sch.Simone 0.1l;620.8911039257866;371.3072033090099;5.563355420585235
vector;620.8911039257866;371.3072033090099;-30.916749208398;0.8641323776542835
vector;401.25371139903535;183.7929788680391;123.21630538360867;5.244965275079794
end turn
start turn
bot;amarok.Rookie;405.4939873992751;188.0379829247852;3.9264336101554944
vector;405.4939873992751;600.0;0.0;0.7853981633974483
vector;800.0;188.0379829247852;-0.07545974385848431;2.356194490192345
vector;405.4939873992751;0.0;-112.31974170648411;2.356194490192345
vector;0.0;188.0379829247852;0.0;3.9269908169872414
bot;sch.Simone 0.1l;621.5134643645611;370.3856031683359;5.689226692725858
vector;621.5134643645611;370.3856031683359;-34.402603681218515;0.8697224218074027
vector;405.4939873992751;188.0379829247852;120.28116657617365;5.20877869967353
end turn
start turn
bot;amarok.Rookie;408.57906754523276;190.58401522878648;4.022426719015183
vector;408.57906754523276;600.0;0.0;0.7853981633974483
vector;800.0;190.58401522878648;-0.18400099986416515;2.356194490192345
vector;408.57906754523276;0.0;-109.63763669424283;2.356194490192345
vector;0.0;190.58401522878648;0.0;3.9269908169872414
bot;sch.Simone 0.1l;622.4579403297842;368.4964853353244;5.819572826845957
vector;622.4579403297842;368.4964853353244;-37.086152590697864;0.8769414781319824
vector;408.57906754523276;190.58401522878648;119.08324960565326;5.182461094510181
end turn
start turn
bot;amarok.Rookie;410.26525140100887;191.6595541655619;4.144599766654786
vector;410.26525140100887;600.0;0.0;0.7853981633974483
vector;800.0;191.6595541655619;-0.2634384658147863;2.356194490192345
vector;410.26525140100887;0.0;-108.51435342623108;2.356194490192345
vector;0.0;191.6595541655619;0.0;3.9269908169872414
bot;sch.Simone 0.1l;623.7104332189239;365.64759356844627;5.868978283083941
vector;623.7104332189239;365.64759356844627;-38.82927662190467;0.8868906736304938
vector;410.26525140100887;191.6595541655619;119.14785015432345;5.167605863354451
end turn
start turn
bot;amarok.Rookie;410.26525140100887;191.6595541655619;4.292952753074304
vector;410.26525140100887;600.0;0.0;0.7853981633974483
vector;800.0;191.6595541655619;-0.2634384658147863;2.356194490192345
vector;410.26525140100887;0.0;-108.51435342623108;2.356194490192345
vector;0.0;191.6595541655619;0.0;3.9269908169872414
bot;sch.Simone 0.1l;625.8527504701468;362.13767601490053;5.735182139156222
vector;625.8527504701468;362.13767601490053;-39.15831287179482;0.9017145491632341
vector;410.26525140100887;191.6595541655619;119.81093690958384;5.167171122281444
end turn
start turn
bot;amarok.Rookie;409.2950906258873;191.4170916521386;4.467485678273737
vector;409.2950906258873;600.0;0.0;0.7853981633974483
vector;800.0;191.4170916521386;-0.21599677435864606;2.356194490192345
vector;409.2950906258873;0.0;-108.76707413713089;2.356194490192345
vector;0.0;191.4170916521386;0.0;3.9269908169872414
bot;sch.Simone 0.1l;628.8638936625703;358.00655234050595;5.653330713554821
vector;628.8638936625703;358.00655234050595;-38.680334832560156;0.9217428863857773
vector;409.2950906258873;191.4170916521386;120.49664970656609;5.174137923788886
end turn
start turn
bot;amarok.Rookie;407.30205221289805;191.25036467666936;4.628928634083212
vector;407.30205221289805;600.0;0.0;0.7853981633974483
vector;800.0;191.25036467666936;-0.13329991629972315;2.356194490192345
vector;407.30205221289805;0.0;-108.94102561905883;2.356194490192345
vector;0.0;191.25036467666936;0.0;3.9269908169872414
bot;sch.Simone 0.1l;631.8009237587574;352.90344724231136;5.7609469187026265
vector;631.8009237587574;352.90344724231136;-38.04224767700718;0.9467325126058199
vector;407.30205221289805;191.25036467666936;121.15078354789682;5.182668069250634
end turn
start turn
bot;amarok.Rookie;404.30836657869867;191.44490599255917;4.7772816205027295
vector;404.30836657869867;600.0;0.0;0.7853981633974483
vector;800.0;191.44490599255917;-0.04640505644111914;2.356194490192345
vector;404.30836657869867;0.0;-108.73806809113118;2.356194490192345
vector;0.0;191.44490599255917;0.0;3.9269908169872414
bot;sch.Simone 0.1l;634.2274547135615;347.53876878461176;5.858406900664155
vector;634.2274547135615;347.53876878461176;-37.27138628137398;0.9743669010858964
vector;404.30836657869867;191.44490599255917;121.43508497032734;5.191562950388788
end turn
start turn
bot;amarok.Rookie;400.38822401203095;192.24019352358164;4.91254463753229
vector;400.38822401203095;600.0;0.0;0.7853981633974483
vector;800.0;192.24019352358164;-3.7679470879351055E-4;2.356194490192345
vector;400.38822401203095;0.0;-107.910342967797;2.356194490192345
vector;0.0;192.24019352358164;0.0;3.9269908169872414
bot;sch.Simone 0.1l;636.818373710831;342.25152317099423;5.827543933082908
vector;636.818373710831;342.25152317099423;-35.997198603735164;1.0054055567871405
bullet;sch.Simone 0.1l;636.818373710831;342.25152317099423
vector;636.818373710831;342.25152317099423;-35.997198603735164;NaN
vector;400.38822401203095;192.24019352358164;NaN;NaN
end turn
start turn
bot;amarok.Rookie;398.42815272869706;192.63783728909286;4.91254463753229
vector;398.42815272869706;600.0;0.0;5.497787143782138
vector;800.0;192.63783728909286;0.0;2.356194490192345
vector;398.42815272869706;0.0;-107.49766631036184;3.9269908169872414
vector;0.0;192.63783728909286;-0.006176759610756268;3.9269908169872414
bot;sch.Simone 0.1l;639.4092927081005;336.9642775573767;5.827543933082908
vector;639.4092927081005;336.9642775573767;-35.464970590063906;1.0311773823021007
bullet;sch.Simone 0.1l;621.7670589917317;334.3484905108932
vector;621.7670589917317;334.3484905108932;-45.89815801864075;-0.4835038978913415
vector;398.42815272869706;192.63783728909286;69.09270291544065;1.3198440237109486
end turn
start turn
bot;amarok.Rookie;398.42815272869706;192.63783728909286;4.764191651112772
vector;398.42815272869706;600.0;0.0;5.497787143782138
vector;800.0;192.63783728909286;0.0;2.356194490192345
vector;398.42815272869706;0.0;-107.49766631036184;3.9269908169872414
vector;0.0;192.63783728909286;-0.006176759610756268;3.9269908169872414
bot;sch.Simone 0.1l;641.4734370880357;331.4500110233839;5.925003915044437
vector;641.4734370880357;331.4500110233839;-36.06450929067428;1.0518699807086938
bullet;sch.Simone 0.1l;606.7157442726323;326.4454578507922
vector;606.7157442726323;326.4454578507922;-58.091425747586236;-0.48350389789134063
vector;398.42815272869706;192.63783728909286;72.01794872981601;1.4776560005836519
end turn
start turn
bot;amarok.Rookie;399.4206308198286;192.76025966704694;4.589658725913339
vector;399.4206308198286;600.0;0.0;5.497787143782138
vector;800.0;192.76025966704694;0.0;2.356194490192345
vector;399.4206308198286;0.0;-107.37077493317453;3.9269908169872414
vector;0.0;192.76025966704694;-8.391716173311933E-4;3.9269908169872414
bot;sch.Simone 0.1l;643.1653815624977;325.81040542330277;5.99171829755489
vector;643.1653815624977;325.81040542330277;-37.39701833189452;1.071138324480919
bullet;sch.Simone 0.1l;591.664429553533;318.54242519069123
vector;591.664429553533;318.54242519069123;-72.47420067593605;-0.48350389789133974
vector;399.4206308198286;192.76025966704694;77.03698879297524;1.6508596837448264
end turn
start turn
bot;amarok.Rookie;401.4191323337428;192.68285360215148;4.751101681722814
vector;401.4191323337428;600.0;0.0;0.7853981633974483
vector;800.0;192.68285360215148;-0.005034841451685878;2.356194490192345
vector;401.4191323337428;0.0;-107.45099797636739;2.356194490192345
vector;0.0;192.68285360215148;0.0;3.9269908169872414
bot;sch.Simone 0.1l;645.3839648331266;320.3564421212246;5.8968446427201116
vector;645.3839648331266;320.3564421212246;-38.842061930430866;1.0886610836827684
bullet;sch.Simone 0.1l;576.6131148344336;310.6393925305902
vector;576.6131148344336;310.6393925305902;-89.11083647068125;-0.48350389789134063
vector;401.4191323337428;192.68285360215148;72.07483726738066;4.417849303190307
end turn
start turn
bot;amarok.Rookie;401.4191323337428;192.68285360215148;4.602748695303297
vector;401.4191323337428;600.0;0.0;0.7853981633974483
vector;800.0;192.68285360215148;-0.005034841451685878;2.356194490192345
vector;401.4191323337428;0.0;-107.45099797636739;2.356194490192345
vector;0.0;192.68285360215148;0.0;3.9269908169872414
bot;sch.Simone 0.1l;647.0613178001224;314.71247946602904;5.99430462468164
vector;647.0613178001224;314.71247946602904;-39.511739740114024;1.1097296636588538
bullet;sch.Simone 0.1l;561.5618001153342;302.7363598704892
vector;561.5618001153342;302.7363598704892;-105.76810283907679;-0.48350389789133974
vector;401.4191323337428;192.68285360215148;71.48816278857085;4.196911947368276
end turn
start turn
bot;amarok.Rookie;400.45923855102507;192.40248968525106;4.428215770103864
vector;400.45923855102507;600.0;0.0;0.7853981633974483
vector;800.0;192.40248968525106;-5.272501168690064E-4;2.356194490192345
vector;400.45923855102507;0.0;-107.74181572220573;2.356194490192345
vector;0.0;192.40248968525106;0.0;3.9269908169872414
bot;sch.Simone 0.1l;649.2737538705455;309.2560196188919;5.897971491692148
vector;649.2737538705455;309.2560196188919;-39.132533695267895;1.1317294196762546
bullet;sch.Simone 0.1l;546.5104853962349;294.83332721038823
vector;546.5104853962349;294.83332721038823;-122.7773216076495;-0.48350389789133974
vector;400.45923855102507;192.40248968525106;73.4127880622653;3.978791537366213
end turn
start turn
bot;amarok.Rookie;398.6545480299833;191.54046177197802;4.266772814294389
vector;398.6545480299833;600.0;0.0;5.497787143782138
vector;800.0;191.54046177197802;0.0;2.356194490192345
vector;398.6545480299833;0.0;-108.63844769560038;3.9269908169872414
vector;0.0;191.54046177197802;-0.004525602509054622;3.9269908169872414
bot;sch.Simone 0.1l;650.9447458804293;303.6101704239493;5.995431473653677
vector;650.9447458804293;303.6101704239493;-38.40186627156984;1.1527681851476883
bullet;sch.Simone 0.1l;531.4591706771355;286.9302945502872
vector;531.4591706771355;286.9302945502872;-139.8160237068356;-0.48350389789133974
vector;398.6545480299833;191.54046177197802;123.7077756536779;2.1009660814757662
end turn
start turn
bot;amarok.Rookie;398.6545480299833;191.54046177197802;4.4151258007139065
vector;398.6545480299833;600.0;0.0;5.497787143782138
vector;800.0;191.54046177197802;0.0;2.356194490192345
vector;398.6545480299833;0.0;-108.63844769560038;3.9269908169872414
vector;0.0;191.54046177197802;-0.004525602509054622;3.9269908169872414
bot;sch.Simone 0.1l;652.0584345580888;297.82851625248736;6.092891455615206
vector;652.0584345580888;297.82851625248736;-39.192566048259195;1.1736433572079763
bullet;sch.Simone 0.1l;516.4078559580362;279.0272618901862
vector;516.4078559580362;279.0272618901862;-160.40700912221095;-0.48350389789133974
vector;398.6545480299833;191.54046177197802;140.4991554798864;2.1796651083548975
end turn
start turn
bot;amarok.Rookie;399.64702612111483;191.6628841499321;4.589658725913339
vector;399.64702612111483;600.0;0.0;5.497787143782138
vector;800.0;191.6628841499321;0.0;2.356194490192345
vector;399.64702612111483;0.0;-108.51088460181153;3.9269908169872414
vector;0.0;191.6628841499321;-3.114763979380995E-4;3.9269908169872414
bot;sch.Simone 0.1l;652.6042499599175;291.9659303916019;6.190351437576735
vector;652.6042499599175;291.9659303916019;-40.884688394029176;1.193292015080699
bullet;sch.Simone 0.1l;501.3565412389368;271.1242292300852
vector;501.3565412389368;271.1242292300852;-183.5083658291426;-0.48350389789133974
vector;399.64702612111483;191.6628841499321;159.83666451871122;2.253293531394971
end turn
start turn
bot;amarok.Rookie;401.64552763502905;191.58547808503664;4.751101681722814
vector;401.64552763502905;600.0;0.0;0.7853981633974483
vector;800.0;191.58547808503664;-0.006769402994110786;2.356194490192345
vector;401.64552763502905;0.0;-108.59153236260684;2.356194490192345
vector;0.0;191.58547808503664;0.0;3.9269908169872414
bot;sch.Simone 0.1l;653.717938637577;286.18427622013985;6.092891455615206
vector;653.717938637577;286.18427622013985;-42.746348072772314;1.2117765006730865
bullet;sch.Simone 0.1l;486.30522651983745;263.22119656998416
vector;486.30522651983745;263.22119656998416;-208.94617270478486;-0.48350389789133974
vector;401.64552763502905;191.58547808503664;124.78457017174486;3.299930931570129
end turn
start turn
bot;amarok.Rookie;401.64552763502905;191.58547808503664;4.602748695303297
vector;401.64552763502905;600.0;0.0;0.7853981633974483
vector;800.0;191.58547808503664;-0.006769402994110786;2.356194490192345
vector;401.64552763502905;0.0;-108.59153236260684;2.356194490192345
vector;0.0;191.58547808503664;0.0;3.9269908169872414
bot;sch.Simone 0.1l;654.9747386344395;281.9378745566256;5.995431473653677
vector;654.9747386344395;281.9378745566256;-42.92899255846128;1.2282006868789122
bullet;sch.Simone 0.1l;471.25391180073814;255.3181639098832
vector;471.25391180073814;255.3181639098832;-233.51221551725803;-0.48350389789133974
vector;401.64552763502905;191.58547808503664;144.63572894921194;3.2015629592700274
end turn
start turn
bot;amarok.Rookie;400.6856338523113;191.3051141681362;4.428215770103864
vector;400.6856338523113;600.0;0.0;0.7853981633974483
vector;800.0;191.3051141681362;-0.0011752344485880778;2.356194490192345
vector;400.6856338523113;0.0;-108.88388843093666;2.356194490192345
vector;0.0;191.3051141681362;0.0;3.9269908169872414
bot;sch.Simone 0.1l;655.930084626747;279.7051967700447;5.878867272569396
vector;655.930084626747;279.7051967700447;-42.172649227153805;1.237390279489592
bullet;sch.Simone 0.1l;456.20259708163877;247.41513124978218
vector;456.20259708163877;247.41513124978218;-257.709550647896;-0.48350389789133974
vector;400.6856338523113;191.3051141681362;165.00345488288815;3.123644089170827
end turn
start turn
bot;amarok.Rookie;398.8809433312695;190.44308625486318;4.266772814294389
vector;398.8809433312695;600.0;0.0;5.497787143782138
vector;800.0;190.44308625486318;0.0;2.356194490192345
vector;398.8809433312695;0.0;-109.7852502459668;3.9269908169872414
vector;0.0;190.44308625486318;-0.0031307195695753957;3.9269908169872414
bot;sch.Simone 0.1l;656.1529737723315;279.3392469972763;5.736123132705201
vector;656.1529737723315;279.3392469972763;-40.8337608590522;1.2381059070659308
bullet;sch.Simone 0.1l;441.1512823625394;239.51209858968116
vector;441.1512823625394;239.51209858968116;-280.95568969504797;-0.48350389789133974
bullet;sch.Simone 0.1l;656.1529737723315;279.3392469972763
vector;656.1529737723315;279.3392469972763;-40.8337608590522;NaN
vector;398.8809433312695;190.44308625486318;NaN;NaN
end turn
start turn
bot;amarok.Rookie;398.8809433312695;190.44308625486318;4.266772814294389
vector;398.8809433312695;600.0;0.0;5.497787143782138
vector;800.0;190.44308625486318;0.0;2.356194490192345
vector;398.8809433312695;0.0;-109.7852502459668;3.9269908169872414
vector;0.0;190.44308625486318;-0.0031307195695753957;3.9269908169872414
bot;sch.Simone 0.1l;655.2351639582814;280.61489847645896;5.659502692933487
vector;655.2351639582814;280.61489847645896;-41.11970831759908;1.2325660634598288
bullet;sch.Simone 0.1l;426.0999676434401;231.60906592958017
vector;426.0999676434401;231.60906592958017;-307.38694570916493;-0.48350389789133974
bullet;sch.Simone 0.1l;640.1222885021774;273.68087887835156
vector;640.1222885021774;273.68087887835156;-52.41919335701378;2.802273457899746
vector;398.8809433312695;190.44308625486318;228.44873236821084;2.338982387415558
end turn
start turn
bot;amarok.Rookie;399.84442472784326;190.71086153089945;4.441305739493822
vector;399.84442472784326;600.0;0.0;5.497787143782138
vector;800.0;190.71086153089945;0.0;2.356194490192345
vector;399.84442472784326;0.0;-109.50485870284588;3.9269908169872414
vector;0.0;190.71086153089945;-6.0509163266608295E-5;3.9269908169872414
bot;sch.Simone 0.1l;654.071199976587;282.9079054045503;5.813464525908327
vector;654.071199976587;282.9079054045503;-41.97196452731707;1.222890843910898
bullet;sch.Simone 0.1l;411.04865292434073;223.70603326947918
vector;411.04865292434073;223.70603326947918;-333.3443330966378;-0.48350389789133974
bullet;sch.Simone 0.1l;624.0916032320232;268.0225107594269
vector;624.0916032320232;268.0225107594269;-66.25951734143129;2.802273457899748
bullet;sch.Simone 0.1l;654.071199976587;282.9079054045503
vector;654.071199976587;282.9079054045503;-41.97196452731707;NaN
vector;399.84442472784326;190.71086153089945;NaN;NaN
end turn
start turn
bot;amarok.Rookie;399.84442472784326;190.71086153089945;4.441305739493822
vector;399.84442472784326;600.0;0.0;5.497787143782138
vector;800.0;190.71086153089945;0.0;2.356194490192345
vector;399.84442472784326;0.0;-109.50485870284588;3.9269908169872414
vector;0.0;190.71086153089945;-6.0509163266608295E-5;3.9269908169872414
bot;sch.Simone 0.1l;652.2350137447756;285.97126049609824;5.743204412836458
vector;652.2350137447756;285.97126049609824;-42.39999414624915;1.2098948028447687
bullet;sch.Simone 0.1l;638.1028127615896;277.07604380194806
vector;638.1028127615896;277.07604380194806;-53.708012159729066;2.7914299071205644
vector;399.84442472784326;190.71086153089945;114.55247201257932;0.169630717368479
end turn
start turn
bot;amarok.Rookie;400.7467699883642;191.14187548753597;4.266772814294389
vector;400.7467699883642;600.0;0.0;0.7853981633974483
vector;800.0;191.14187548753597;-0.0013941635388035882;2.356194490192345
vector;400.7467699883642;0.0;-109.05429043715979;2.356194490192345
vector;0.0;191.14187548753597;0.0;3.9269908169872414
bot;sch.Simone 0.1l;650.0470926335727;289.8215169201775;5.766436095291533
vector;650.0470926335727;289.8215169201775;-43.48085062785117;1.1938930776761412
bullet;sch.Simone 0.1l;592.030232691715;256.7057745215775
vector;592.030232691715;256.7057745215775;-97.80440165286501;2.802273457899748
bullet;sch.Simone 0.1l;622.1344255465921;271.24418219934574
vector;622.1344255465921;271.24418219934574;-67.7054360155915;2.7914299071205635
vector;400.7467699883642;191.14187548753597;277.67248187912946;5.609078866982355
end turn
start turn
bot;amarok.Rookie;399.7868762056464;190.86151157063554;4.428215770103864
vector;399.7868762056464;600.0;0.0;5.497787143782138
vector;800.0;190.86151157063554;0.0;2.356194490192345
vector;399.7868762056464;0.0;-109.34726835629853;3.9269908169872414
vector;0.0;190.86151157063554;-1.1355437929916547E-4;3.9269908169872414
bot;sch.Simone 0.1l;647.5886793851;293.5049497782251;5.6946582492598345
vector;647.5886793851;293.5049497782251;-43.41560802428016;1.178095279837592
bullet;sch.Simone 0.1l;575.9995474215609;251.0474064026528
vector;575.9995474215609;251.0474064026528;-114.26804137205107;2.802273457899748
bullet;sch.Simone 0.1l;606.1660383315947;265.4123205967435
vector;606.1660383315947;265.4123205967435;-81.51246107880309;2.7914299071205644
vector;399.7868762056464;190.86151157063554;246.70967953375848;6.166235366226369
end turn
start turn
bot;amarok.Rookie;400.68922146616734;191.29252552727206;4.266772814294389
vector;400.68922146616734;600.0;0.0;0.7853981633974483
vector;800.0;191.29252552727206;-0.0011875655735646422;2.356194490192345
vector;400.68922146616734;0.0;-108.89702475196094;2.356194490192345
vector;0.0;191.29252552727206;0.0;3.9269908169872414
bot;sch.Simone 0.1l;645.5753335026649;297.44930164864604;5.811222450344116
vector;645.5753335026649;297.44930164864604;-44.28546074927378;1.1617528408584832
bullet;sch.Simone 0.1l;559.9688621514067;245.3890382837281
vector;559.9688621514067;245.3890382837281;-134.3101974552544;2.802273457899748
bullet;sch.Simone 0.1l;590.1976511165973;259.58045899414117
vector;590.1976511165973;259.58045899414117;-98.5686015753206;2.7914299071205626
vector;400.68922146616734;191.29252552727206;340.74872041184983;5.669782242919437
end turn
start turn
bot;amarok.Rookie;399.7293276834496;191.01216161037163;4.428215770103864
vector;399.7293276834496;600.0;0.0;5.497787143782138
vector;800.0;191.01216161037163;0.0;2.356194490192345
vector;399.7293276834496;0.0;-109.18979148692358;3.9269908169872414
vector;0.0;191.01216161037163;-1.8315875736692316E-4;3.9269908169872414
bot;sch.Simone 0.1l;643.1169202541922;301.1327345066936;5.6946582492598345
vector;643.1169202541922;301.1327345066936;-44.129099378912414;1.1459073366527148
bullet;sch.Simone 0.1l;543.9381768812526;239.7306701648034
vector;543.9381768812526;239.7306701648034;-153.49237998082071;2.802273457899748
bullet;sch.Simone 0.1l;574.2292639015999;253.7485973915389
vector;574.2292639015999;253.7485973915389;-115.0954959107628;2.7914299071205635
vector;399.7293276834496;191.01216161037163;316.43698907213104;6.113077565913233
end turn
start turn
bot;amarok.Rookie;400.6316729439705;191.44317556700815;4.266772814294389
vector;400.6316729439705;600.0;0.0;0.7853981633974483
vector;800.0;191.44317556700815;-9.97526770360896E-4;2.356194490192345
vector;400.6316729439705;0.0;-108.73987254393444;2.356194490192345
vector;0.0;191.44317556700815;0.0;3.9269908169872414
bot;sch.Simone 0.1l;640.2468048200716;304.50525740725834;5.578094048175553
vector;640.2468048200716;304.50525740725834;-45.59632853574977;1.1299223293535103
bullet;sch.Simone 0.1l;527.9074916110985;234.0723020458787
vector;527.9074916110985;234.0723020458787;-176.59074876514183;2.802273457899748
bullet;sch.Simone 0.1l;558.2608766866024;247.91673578893662
vector;558.2608766866024;247.91673578893662;-135.21012261795954;2.7914299071205635
vector;400.6316729439705;191.44317556700815;415.97074963928515;5.716557030409244
end turn
start turn
bot;amarok.Rookie;399.67177916125274;191.16281165010773;4.428215770103864
vector;399.67177916125274;600.0;0.0;5.497787143782138
vector;800.0;191.16281165010773;0.0;2.356194490192345
vector;399.67177916125274;0.0;-109.03242809472098;3.9269908169872414
vector;0.0;191.16281165010773;-2.6932229746988136E-4;3.9269908169872414
bot;sch.Simone 0.1l;637.3161015504862;307.8252651882211;5.559988436646951
vector;637.3161015504862;307.8252651882211;-45.74112672960035;1.114445500696287
bullet;sch.Simone 0.1l;511.8768063409443;228.413933926954
vector;511.8768063409443;228.413933926954;-198.49011419733017;2.802273457899748
bullet;sch.Simone 0.1l;542.292489471605;242.08487418633433
vector;542.292489471605;242.08487418633433;-154.45662071987562;2.7914299071205635
vector;399.67177916125274;191.16281165010773;397.9520856184546;6.07303526622953
end turn
start turn
bot;amarok.Rookie;400.57412442177366;191.59382560674425;4.266772814294389
vector;400.57412442177366;600.0;0.0;0.7853981633974483
vector;800.0;191.59382560674425;-8.240471291923508E-4;2.356194490192345
vector;400.57412442177366;0.0;-108.58283381308031;2.356194490192345
vector;0.0;191.59382560674425;0.0;3.9269908169872414
bot;sch.Simone 0.1l;634.7914040803328;311.46358568045537;5.676552637731232
vector;634.7914040803328;311.46358568045537;-46.84767273185513;1.0977622861009744
bullet;sch.Simone 0.1l;495.8461210707902;222.7555658080293
vector;495.8461210707902;222.7555658080293;-224.64201454109465;2.802273457899748
bullet;sch.Simone 0.1l;526.3241022566076;236.25301258373204
vector;526.3241022566076;236.25301258373204;-177.6292602259455;2.7914299071205635
vector;400.57412442177366;191.59382560674425;481.0492455171738;5.726460620707087
end turn
start turn
bot;amarok.Rookie;399.6142306390559;191.31346168984382;4.428215770103864
vector;399.6142306390559;600.0;0.0;5.497787143782138
vector;800.0;191.31346168984382;0.0;2.356194490192345
vector;399.6142306390559;0.0;-108.87517817969072;3.9269908169872414
vector;0.0;191.31346168984382;-3.7204499960804004E-4;3.9269908169872414
bot;sch.Simone 0.1l;631.8607008107474;314.78359346141804;5.559988436646951
vector;631.8607008107474;314.78359346141804;-46.903884942312914;1.0821629045563723
bullet;sch.Simone 0.1l;479.8154358006361;217.09719768910458
vector;479.8154358006361;217.09719768910458;-249.25478986420063;2.802273457899748
bullet;sch.Simone 0.1l;510.35571504161015;230.42115098112976
vector;510.35571504161015;230.42115098112976;-199.59476535915258;2.7914299071205635
vector;399.6142306390559;191.31346168984382;424.7927171999823;6.0069338556407645
end turn
start turn
bot;amarok.Rookie;400.5165758995768;191.74447564648034;4.266772814294389
vector;400.5165758995768;600.0;0.0;0.7853981633974483
vector;800.0;191.74447564648034;-6.671266500590058E-4;2.356194490192345
vector;400.5165758995768;0.0;-108.42590855939855;2.356194490192345
vector;0.0;191.74447564648034;0.0;3.9269908169872414
bot;sch.Simone 0.1l;629.336003340594;318.42191395365217;5.676552637731232
vector;629.336003340594;318.42191395365217;-47.92484245867368;1.0651833563787454
bullet;sch.Simone 0.1l;463.784750530482;211.4388295701799
vector;463.784750530482;211.4388295701799;-278.4516639048378;2.802273457899748
bullet;sch.Simone 0.1l;494.3873278266127;224.5892893785275
vector;494.3873278266127;224.5892893785275;-225.82426517196527;2.7914299071205635
vector;400.5165758995768;191.74447564648034;500.04798341324863;5.667594959124534
end turn
start turn
bot;amarok.Rookie;399.55668211685906;191.4641117295799;4.428215770103864
vector;399.55668211685906;600.0;0.0;5.497787143782138
vector;800.0;191.4641117295799;0.0;2.356194490192345
vector;399.55668211685906;0.0;-108.71804174183279;3.9269908169872414
vector;0.0;191.4641117295799;-4.913268637813993E-4;3.9269908169872414
bot;sch.Simone 0.1l;627.0537589116889;322.21702049849955;5.741762699695856
vector;627.0537589116889;322.21702049849955;-47.33769967990652;1.0491533724315492
bullet;sch.Simone 0.1l;447.7540652603278;205.78046145125518
vector;447.7540652603278;205.78046145125518;-305.7625050486064;2.802273457899748
bullet;sch.Simone 0.1l;478.4189406116153;218.7574277759252
vector;478.4189406116153;218.7574277759252;-250.5071160050455;2.7914299071205635
bullet;sch.Simone 0.1l;627.0537589116889;322.21702049849955
vector;627.0537589116889;322.21702049849955;-47.33769967990652;NaN
vector;399.55668211685906;191.4641117295799;NaN;NaN
end turn
start turn
bot;amarok.Rookie;399.55668211685906;191.4641117295799;4.428215770103864
vector;399.55668211685906;600.0;0.0;5.497787143782138
vector;800.0;191.4641117295799;0.0;2.356194490192345
vector;399.55668211685906;0.0;-108.71804174183279;3.9269908169872414
vector;0.0;191.4641117295799;-4.913268637813993E-4;3.9269908169872414
bot;sch.Simone 0.1l;624.7715144827838;326.0121270433468;5.741762699695856
vector;624.7715144827838;326.0121270433468;-47.37226052613294;1.032275488005964
bullet;sch.Simone 0.1l;431.7233799901737;200.1220933323305
vector;431.7233799901737;200.1220933323305;-336.1511107651281;2.802273457899748
bullet;sch.Simone 0.1l;462.4505533966179;212.92556617332292
vector;462.4505533966179;212.92556617332292;-278.1310936057262;2.7914299071205635
bullet;sch.Simone 0.1l;612.2564704517483;313.84801492834305
vector;612.2564704517483;313.84801492834305;-59.75627097508881;-0.5147237883975819
vector;399.55668211685906;191.4641117295799;432.4037337016861;5.94937856686052
end turn
start turn
bot;amarok.Rookie;398.56268659431703;191.35469097667428;4.602748695303297
vector;398.56268659431703;600.0;0.0;5.497787143782138
vector;800.0;191.35469097667428;0.0;2.356194490192345
vector;398.56268659431703;0.0;-108.83216244359775;3.9269908169872414
vector;0.0;191.35469097667428;-0.005164674565389953;3.9269908169872414
bot;sch.Simone 0.1l;622.2480751449348;329.651320254514;5.676898396555747
vector;622.2480751449348;329.651320254514;-46.93277491691273;1.017055527226006
bullet;sch.Simone 0.1l;415.6926947200196;194.46372521340578
vector;415.6926947200196;194.46372521340578;-365.9380354780615;2.802273457899748
bullet;sch.Simone 0.1l;446.48216618162047;207.09370457072063
vector;446.48216618162047;207.09370457072063;-305.4839583188723;2.7914299071205635
bullet;sch.Simone 0.1l;597.4591819918078;305.4790093581866
vector;597.4591819918078;305.4790093581866;-72.83564359648652;-0.514723788397581
bullet;sch.Simone 0.1l;622.2480751449348;329.651320254514
vector;622.2480751449348;329.651320254514;-46.93277491691273;NaN
vector;398.56268659431703;191.35469097667428;NaN;NaN
end turn
start turn
bot;amarok.Rookie;398.56268659431703;191.35469097667428;4.602748695303297
vector;398.56268659431703;600.0;0.0;5.497787143782138
vector;800.0;191.35469097667428;0.0;2.356194490192345
vector;398.56268659431703;0.0;-108.83216244359775;3.9269908169872414
vector;0.0;191.35469097667428;-0.005164674565389953;3.9269908169872414
bot;sch.Simone 0.1l;619.4495215471162;333.0834582296177;5.599126455100623
vector;619.4495215471162;333.0834582296177;-47.302581176379995;1.0003239554937116
bullet;sch.Simone 0.1l;582.6618935318672;297.1100037880301
vector;582.6618935318672;297.1100037880301;-88.0662587130308;-0.514723788397581
bullet;sch.Simone 0.1l;607.6766753484619;320.8949335584303
vector;607.6766753484619;320.8949335584303;-59.30043214767219;-0.541102812133901
vector;398.56268659431703;191.35469097667428;134.60283061240173;2.171399137100404
end turn
start turn
bot;amarok.Rookie;399.5605818057168;191.28984387137768;4.7772816205027295
vector;399.5605818057168;600.0;0.0;5.497787143782138
vector;800.0;191.28984387137768;0.0;2.356194490192345
vector;399.5605818057168;0.0;-108.89982317808477;3.9269908169872414
vector;0.0;191.28984387137768;-4.827208736677216E-4;3.9269908169872414
bot;sch.Simone 0.1l;616.9209848695705;336.71911162210665;5.675497036736059
vector;616.9209848695705;336.71911162210665;-47.93845819845628;0.9811319037187722
bullet;sch.Simone 0.1l;593.1052755519892;312.1385468623466
vector;593.1052755519892;312.1385468623466;-73.80933772300547;-0.5411028121339028
vector;399.5605818057168;191.28984387137768;76.28088829386523;1.7409721418853068
end turn
start turn
bot;amarok.Rookie;401.50957232128104;190.84102768378995;4.938724576312205
vector;401.50957232128104;600.0;0.0;0.7853981633974483
vector;800.0;190.84102768378995;-0.005697021482944578;2.356194490192345
vector;401.50957232128104;0.0;-109.36868925093279;2.356194490192345
vector;0.0;190.84102768378995;0.0;3.9269908169872414
bot;sch.Simone 0.1l;613.98677862995;340.0360239006246;5.5589328356517775
vector;613.98677862995;340.0360239006246;-49.2620818067585;0.9586158608477469
bullet;sch.Simone 0.1l;553.0673166119861;280.37199264771715
vector;553.0673166119861;280.37199264771715;-125.40963836093526;-0.514723788397581
bullet;sch.Simone 0.1l;578.5338757555163;303.38216016626285
vector;578.5338757555163;303.38216016626285;-90.46940850163566;-0.5411028121339019
vector;401.50957232128104;190.84102768378995;137.9894030704759;3.209168929001438
end turn
start turn
bot;amarok.Rookie;404.30143724284426;189.74307947929898;5.087077562731722
vector;404.30143724284426;600.0;0.0;0.7853981633974483
vector;800.0;189.74307947929898;-0.04625590588531903;2.356194490192345
vector;404.30143724284426;0.0;-110.51993156712095;2.356194490192345
vector;0.0;189.74307947929898;0.0;3.9269908169872414
bot;sch.Simone 0.1l;610.6867253928892;342.9891784771029;5.442368634567496
vector;610.6867253928892;342.9891784771029;-51.08042860133708;0.9320968360714881
bullet;sch.Simone 0.1l;538.2700281520456;272.00298707756065
vector;538.2700281520456;272.00298707756065;-147.37019517059008;-0.514723788397581
bullet;sch.Simone 0.1l;563.9624759590436;294.6257734701791
vector;563.9624759590436;294.6257734701791;-109.17233947195955;-0.5411028121339028
vector;404.30143724284426;189.74307947929898;174.38478779802483;3.0865769942175145
end turn
start turn
bot;amarok.Rookie;407.79250978167056;187.7905394595675;5.2223405797612825
vector;407.79250978167056;600.0;0.0;0.7853981633974483
vector;800.0;187.7905394595675;-0.1518080217435784;2.356194490192345
vector;407.79250978167056;0.0;-112.58213785715346;2.356194490192345
vector;0.0;187.7905394595675;0.0;3.9269908169872414
bot;sch.Simone 0.1l;607.0656129383178;345.5384956231951;5.325804433483215
vector;607.0656129383178;345.5384956231951;-53.177737418981394;0.9011879748482103
bullet;sch.Simone 0.1l;523.472739692105;263.63398150740414
vector;523.472739692105;263.63398150740414;-171.18291711896293;-0.5147237883975819
bullet;sch.Simone 0.1l;549.3910761625707;285.86938677409535
vector;549.3910761625707;285.86938677409535;-129.67663781928366;-0.5411028121339037
vector;407.79250978167056;187.7905394595675;190.11787780352273;2.984961799678016
end turn
start turn
bot;amarok.Rookie;411.8263795858403;184.83623845882167;5.344513627400886
vector;411.8263795858403;600.0;0.0;0.7853981633974483
vector;800.0;184.83623845882167;-0.3496581352709505;2.356194490192345
vector;411.8263795858403;0.0;-115.73861070137264;2.356194490192345
vector;0.0;184.83623845882167;0.0;3.9269908169872414
bot;sch.Simone 0.1l;603.6775013477267;348.3901921655554;5.412031388038218
vector;603.6775013477267;348.3901921655554;-54.682594969300816;0.8648500396480898
bullet;sch.Simone 0.1l;508.6754512321645;255.2649759372477
vector;508.6754512321645;255.2649759372477;-196.35081597111696;-0.514723788397581
bullet;sch.Simone 0.1l;534.8196763660978;277.1130000780116
vector;534.8196763660978;277.1130000780116;-151.5844864718693;-0.5411028121339028
vector;411.8263795858403;184.83623845882167;191.75396334166174;2.8721670749130794
end turn
start turn
bot;amarok.Rookie;416.25230158073066;180.78516273808455;5.453596705650532
vector;416.25230158073066;600.0;0.0;0.7853981633974483
vector;800.0;180.78516273808455;-0.6603432666775508;2.356194490192345
vector;416.25230158073066;0.0;-120.13786218942019;2.356194490192345
vector;0.0;180.78516273808455;0.0;3.9269908169872414
bot;sch.Simone 0.1l;599.9807277080058;350.82849854020907;5.295467186953937
vector;599.9807277080058;350.82849854020907;-55.99416058392328;0.8240622733569394
bullet;sch.Simone 0.1l;493.87816277222396;246.8959703670912
vector;493.87816277222396;246.8959703670912;-222.0654268760411;-0.514723788397581
bullet;sch.Simone 0.1l;520.2482765696251;268.3566133819279
vector;520.2482765696251;268.3566133819279;-174.29862938608048;-0.5411028121339028
vector;416.25230158073066;180.78516273808455;194.81333991636623;2.759782526295741
end turn
start turn
bot;amarok.Rookie;420.93911369557924;175.58575967618327;5.54958981451022
vector;420.93911369557924;600.0;0.0;0.7853981633974483
vector;800.0;175.58575967618327;-1.096116205890985;2.356194490192345
vector;420.93911369557924;0.0;-125.90437815028943;2.356194490192345
vector;0.0;175.58575967618327;0.0;3.9269908169872414
bot;sch.Simone 0.1l;596.3620115412533;353.3812160381894;5.326743779375494
vector;596.3620115412533;353.3812160381894;-56.423587859982774;0.778681290371054
bullet;sch.Simone 0.1l;479.0808743122834;238.52696479693472
vector;479.0808743122834;238.52696479693472;-246.9835104677333;-0.514723788397581
bullet;sch.Simone 0.1l;505.6768767731523;259.6002266858442
vector;505.6768767731523;259.6002266858442;-196.94341329878117;-0.5411028121339028
vector;420.93911369557924;175.58575967618327;198.97520632104997;2.6518425665820287
end turn
start turn
bot;amarok.Rookie;425.78501315004456;169.22044283589855;5.632492953979951
vector;425.78501315004456;600.0;0.0;0.7853981633974483
vector;800.0;169.22044283589855;-1.6621672578699274;2.356194490192345
vector;425.78501315004456;0.0;-133.14801001214693;2.356194490192345
vector;0.0;169.22044283589855;0.0;3.9269908169872414
bot;sch.Simone 0.1l;592.6260502861978;355.75904421127814;5.279194074084642
vector;592.6260502861978;355.75904421127814;-56.05140873402965;0.729715266324372
bullet;sch.Simone 0.1l;464.2835858523428;230.15795922677825
vector;464.2835858523428;230.15795922677825;-268.828877371252;-0.514723788397581
bullet;sch.Simone 0.1l;491.1054769766795;250.84383998976045
vector;491.1054769766795;250.84383998976045;-218.23778170608077;-0.5411028121339028
vector;425.78501315004456;169.22044283589855;202.96111294842845;2.556675728222998
end turn
start turn
bot;amarok.Rookie;430.17508617995054;162.53259872945497;5.702306124059724
vector;430.17508617995054;600.0;0.0;0.7853981633974483
vector;800.0;162.53259872945497;-2.276339564918605;2.356194490192345
vector;430.17508617995054;0.0;-140.97691666546513;2.356194490192345
vector;0.0;162.53259872945497;0.0;3.9269908169872414
bot;sch.Simone 0.1l;589.0222338354404;358.3327536566625;5.332556667847303
vector;589.0222338354404;358.3327536566625;-54.66299172592358;0.6815763110284028
bullet;sch.Simone 0.1l;449.48629739240226;221.78895365662174
vector;449.48629739240226;221.78895365662174;-285.06327808849903;-0.514723788397581
bullet;sch.Simone 0.1l;476.5340771802066;242.08745329367673
vector;476.5340771802066;242.08745329367673;-237.0417943043392;-0.5411028121339028
vector;430.17508617995054;162.53259872945497;206.07996894173007;2.479466766928714
end turn
start turn
bot;amarok.Rookie;435.02098563441587;156.16728188917025;5.632492953979951
vector;435.02098563441587;600.0;0.0;0.7853981633974483
vector;800.0;156.16728188917025;-3.0661735870149056;2.356194490192345
vector;435.02098563441587;0.0;-148.63598605328838;2.356194490192345
vector;0.0;156.16728188917025;0.0;3.9269908169872414
bot;sch.Simone 0.1l;585.9996263065741;360.95264749543526;5.426536477927534
vector;585.9996263065741;360.95264749543526;-52.98089492375021;0.6352930392478386
bullet;sch.Simone 0.1l;434.6890089324617;213.41994808646527
vector;434.6890089324617;213.41994808646527;-293.6876876594743;-0.514723788397581
bullet;sch.Simone 0.1l;461.9626773837339;233.331066597593
vector;461.9626773837339;233.331066597593;-253.23644947259308;-0.5411028121339028
bullet;sch.Simone 0.1l;585.9996263065741;360.95264749543526
vector;585.9996263065741;360.95264749543526;-52.98089492375021;NaN
vector;435.02098563441587;156.16728188917025;NaN;NaN
end turn
start turn
bot;amarok.Rookie;438.65541022526486;151.3932942589567;5.632492953979951
vector;438.65541022526486;600.0;0.0;0.7853981633974483
vector;800.0;151.3932942589567;-3.735601849208777;2.356194490192345
vector;438.65541022526486;0.0;-154.51323534853424;2.356194490192345
vector;0.0;151.3932942589567;0.0;3.9269908169872414
bot;sch.Simone 0.1l;583.7326706599241;362.91756787451493;5.426536477927534
vector;583.7326706599241;362.91756787451493;-51.48387016047532;0.6011767887131425
bullet;sch.Simone 0.1l;419.8917204725212;205.0509425163088
vector;419.8917204725212;205.0509425163088;-294.3904187741349;-0.514723788397581
bullet;sch.Simone 0.1l;447.391277587261;224.57467990150928
vector;447.391277587261;224.57467990150928;-266.17766896500694;-0.5411028121339028
bullet;sch.Simone 0.1l;579.363905944869;345.30121895739916
vector;579.363905944869;345.30121895739916;-64.3354573330902;1.9717933761502682
vector;438.65541022526486;151.3932942589567;172.06913321506946;2.646321625904715
end turn
start turn
bot;amarok.Rookie;442.3422238733153;145.4428820778932;5.7284860628396395
vector;442.3422238733153;600.0;0.0;0.7853981633974483
vector;800.0;145.4428820778932;-4.482159806344875;2.356194490192345
vector;442.3422238733153;0.0;-161.99831571202347;2.356194490192345
vector;0.0;145.4428820778932;0.0;3.9269908169872414
bot;sch.Simone 0.1l;582.8955971991952;363.4646583801384;5.2912734608979735
vector;582.8955971991952;363.4646583801384;-49.42037736570985;0.5726232963802298
bullet;sch.Simone 0.1l;572.7281855831637;329.649790419363
vector;572.7281855831637;329.649790419363;-75.96629688121432;1.97179337615027
vector;442.3422238733153;145.4428820778932;239.132674080391;5.170860836255831
end turn
start turn
bot;amarok.Rookie;445.3185769179279;141.4252555952762;5.645582923369909
vector;445.3185769179279;600.0;0.0;0.7853981633974483
vector;800.0;141.4252555952762;-5.134433534665365;2.356194490192345
vector;445.3185769179279;0.0;-167.15224610992055;2.356194490192345
vector;0.0;141.4252555952762;0.0;3.9269908169872414
bot;sch.Simone 0.1l;583.6338449319871;362.79012870323197;5.452716416707449
vector;583.6338449319871;362.79012870323197;-48.285832306948315;0.5584765855975498
bullet;sch.Simone 0.1l;418.2484779943154;207.06190650934184
vector;418.2484779943154;207.06190650934184;-270.6029610766612;-0.5411028121339028
bullet;sch.Simone 0.1l;566.0924652214586;313.9983618813269
vector;566.0924652214586;313.9983618813269;-89.64617156651353;1.971793376150269
vector;445.3185769179279;141.4252555952762;147.22660410441134;3.8041446906479175
end turn
start turn
bot;amarok.Rookie;448.3441083210872;136.2439276063822;5.7546660016195545
vector;448.3441083210872;600.0;0.0;0.7853981633974483
vector;800.0;136.2439276063822;-5.842882023402537;2.356194490192345
vector;448.3441083210872;0.0;-173.9181643112684;2.356194490192345
vector;0.0;136.2439276063822;0.0;3.9269908169872414
bot;sch.Simone 0.1l;585.307991853445;361.695947691985;5.2912734608979735
vector;585.307991853445;361.695947691985;-46.379612552030785;0.5459217350084442
vector;448.3441083210872;136.2439276063822;174.671152470448;5.236889594456669
end turn
start turn
bot;amarok.Rookie;450.6829154790172;132.9989343740294;5.658672892759866
vector;450.6829154790172;600.0;0.0;0.7853981633974483
vector;800.0;132.9989343740294;-6.421894803633004;2.356194490192345
vector;450.6829154790172;0.0;-178.22392261350961;2.356194490192345
vector;0.0;132.9989343740294;0.0;3.9269908169872414
bot;sch.Simone 0.1l;587.5490332714128;359.70152211980826;5.439626447317491
vector;587.5490332714128;359.70152211980826;-45.68820937049421;0.5431542870820252
bullet;sch.Simone 0.1l;552.8210244980484;282.69550480525464
vector;552.8210244980484;282.69550480525464;-119.66000636105993;1.9717933761502682
vector;450.6829154790172;132.9989343740294;298.2724029427409;5.193988897811941
end turn
start turn
bot;amarok.Rookie;452.04133509832496;131.53104604793654;5.536499845120263
vector;452.04133509832496;600.0;0.0;0.7853981633974483
vector;800.0;131.53104604793654;-6.770751397040373;2.356194490192345
vector;452.04133509832496;0.0;-180.1889480902879;2.356194490192345
vector;0.0;131.53104604793654;0.0;3.9269908169872414
bot;sch.Simone 0.1l;590.1511951006479;356.6636357140201;5.574889464347051
vector;590.1511951006479;356.6636357140201;-46.15889649817147;0.5502578870634105
bullet;sch.Simone 0.1l;546.1853041363431;267.04407626721854
vector;546.1853041363431;267.04407626721854;-138.05584803698483;1.971793376150269
vector;452.04133509832496;131.53104604793654;319.17499474048304;5.190111938535011
end turn
start turn
bot;amarok.Rookie;452.04133509832496;131.53104604793654;5.388146858700745
vector;452.04133509832496;600.0;0.0;0.7853981633974483
vector;800.0;131.53104604793654;-6.770751397040373;2.356194490192345
vector;452.04133509832496;0.0;-180.1889480902879;2.356194490192345
vector;0.0;131.53104604793654;0.0;3.9269908169872414
bot;sch.Simone 0.1l;593.8424337646079;353.29098732948785;5.452716416707448
vector;593.8424337646079;353.29098732948785;-46.771590067076055;0.5689123633279785
bullet;sch.Simone 0.1l;539.549583774638;251.39264772918239
vector;539.549583774638;251.39264772918239;-158.2481896160894;1.971793376150269
vector;452.04133509832496;131.53104604793654;340.22830249593653;5.183976329609146
end turn
start turn
bot;amarok.Rookie;451.1643404685061;132.01154622407478;5.213613933501312
vector;451.1643404685061;600.0;0.0;0.7853981633974483
vector;800.0;132.01154622407478;-6.544474338943029;2.356194490192345
vector;451.1643404685061;0.0;-179.544528393028;2.356194490192345
vector;0.0;132.01154622407478;0.0;3.9269908169872414
bot;sch.Simone 0.1l;597.3401831416297;349.3141152664173;5.561799494957094
vector;597.3401831416297;349.3141152664173;-47.68406950058531;0.5921565123206234
bullet;sch.Simone 0.1l;532.9138634129329;235.74121919114629
vector;532.9138634129329;235.74121919114629;-179.46446425904284;1.971793376150269
vector;451.1643404685061;132.01154622407478;361.7630170307544;5.176919608173759
end turn
start turn
bot;amarok.Rookie;449.37627657982273;132.90755265819587;5.176919608173759
vector;449.37627657982273;600.0;0.0;0.7853981633974483
vector;800.0;132.90755265819587;-6.095041722217877;2.356194490192345
vector;449.37627657982273;0.0;-178.34593856758605;2.356194490192345
vector;0.0;132.90755265819587;0.0;3.9269908169872414
bot;sch.Simone 0.1l;600.5426658588037;345.09583758984206;5.633827219827162
vector;600.5426658588037;345.09583758984206;-48.63068645198327;0.6190105245755984
bullet;sch.Simone 0.1l;526.2781430512277;220.08979065311016
vector;526.2781430512277;220.08979065311016;-201.28163421136293;1.9717933761502682
vector;449.37627657982273;132.90755265819587;383.3948933704088;5.169980782724307
end turn
start turn
bot;amarok.Rookie;446.6849195408367;134.23291950880753;5.169980782724307
vector;446.6849195408367;600.0;0.0;0.7853981633974483
vector;800.0;134.23291950880753;-5.4487042813359885;2.356194490192345
vector;446.6849195408367;0.0;-176.58035268202994;2.356194490192345
vector;0.0;134.23291950880753;0.0;3.9269908169872414
bot;sch.Simone 0.1l;604.1704110134037;341.23718145022974;5.528621424705695
vector;604.1704110134037;341.23718145022974;-48.92944075980411;0.650367099988495
bullet;sch.Simone 0.1l;519.6424226895225;204.43836211507403
vector;519.6424226895225;204.43836211507403;-223.12861902818878;1.971793376150269
vector;446.6849195408367;134.23291950880753;404.48675440288207;5.164944968947499
end turn
start turn
bot;amarok.Rookie;443.0875899596805;135.98198208188447;5.164944968947499
vector;443.0875899596805;600.0;0.0;0.7853981633974483
vector;800.0;135.98198208188447;-4.641351021333897;2.356194490192345
vector;443.0875899596805;0.0;-174.26378446352598;2.356194490192345
vector;0.0;135.98198208188447;0.0;3.9269908169872414
bot;sch.Simone 0.1l;607.8326140712102;337.41121348461877;5.519653472129945
vector;607.8326140712102;337.41121348461877;-48.84583921542938;0.6855489429422787
bullet;sch.Simone 0.1l;513.0067023278174;188.7869335770379
vector;513.0067023278174;188.7869335770379;-243.9551149369918;1.971793376150269
vector;443.0875899596805;135.98198208188447;423.9985488382485;5.161065854125567
end turn
start turn
bot;amarok.Rookie;438.58248081810495;138.15085082445339;5.161065854125567
vector;438.58248081810495;600.0;0.0;0.7853981633974483
vector;800.0;138.15085082445339;-3.7215195651985917;2.356194490192345
vector;438.58248081810495;0.0;-171.41244230989412;2.356194490192345
vector;0.0;138.15085082445339;0.0;3.9269908169872414
bot;sch.Simone 0.1l;611.4372965314958;333.53100389350163;5.534581633047099
vector;611.4372965314958;333.53100389350163;-48.39417941882946;0.7243031933470867
bullet;sch.Simone 0.1l;506.3709819661122;173.13550503900177
vector;506.3709819661122;173.13550503900177;-261.9805644313216;1.971793376150269
vector;438.58248081810495;138.15085082445339;440.1538672476476;5.158360586235151
end turn
start turn
bot;amarok.Rookie;433.1693287939444;140.7388587771703;5.158360586235151
vector;433.1693287939444;600.0;0.0;0.7853981633974483
vector;800.0;140.7388587771703;-2.7505109316019687;2.356194490192345
vector;433.1693287939444;0.0;-168.04084837041006;2.356194490192345
vector;0.0;140.7388587771703;0.0;3.9269908169872414
bot;sch.Simone 0.1l;614.6145807012687;329.2937137907353;5.6397874281685665
vector;614.6145807012687;329.2937137907353;-47.83252232533597;0.766185389776874
bullet;sch.Simone 0.1l;499.73526160440707;157.48407650096564
vector;499.73526160440707;157.48407650096564;-274.49891211148747;1.971793376150269
vector;433.1693287939444;140.7388587771703;450.3254030933897;5.156410794924012
end turn
start turn
bot;amarok.Rookie;426.8481096859721;143.74588205426775;5.156410794924012
vector;426.8481096859721;600.0;0.0;0.7853981633974483
vector;800.0;143.74588205426775;-1.8020524842749692;2.356194490192345
vector;426.8481096859721;0.0;-164.1654324103631;2.356194490192345
vector;0.0;143.74588205426775;0.0;3.9269908169872414
bot;sch.Simone 0.1l;617.3450484463319;324.75561859520906;5.7415335917573245
vector;617.3450484463319;324.75561859520906;-47.07295547138454;0.8109297118674528
vector;426.8481096859721;143.74588205426775;173.66623267096836;5.223390893157937
end turn
start turn
bot;amarok.Rookie;419.8700700166509;147.65829337893445;5.223390893157937
vector;419.8700700166509;600.0;0.0;0.7853981633974483
vector;800.0;147.65829337893445;-0.9870492061665243;2.356194490192345
vector;419.8700700166509;0.0;-159.19084225107977;2.356194490192345
vector;0.0;147.65829337893445;0.0;3.9269908169872414
bot;sch.Simone 0.1l;620.0755161913952;320.2175233996827;5.7415335917573245
vector;620.0755161913952;320.2175233996827;-46.03055371368743;0.859427960870498
bullet;sch.Simone 0.1l;602.965333159221;315.6878852366663
vector;602.965333159221;315.6878852366663;-57.37213735177817;-0.5626104231286408
vector;419.8700700166509;147.65829337893445;122.53792627309942;4.999339423307211
end turn
start turn
bot;amarok.Rookie;412.63611248340385;151.0744108252729;5.153577723078164
vector;412.63611248340385;600.0;0.0;0.7853981633974483
vector;800.0;151.0744108252729;-0.39917834673308655;2.356194490192345
vector;412.63611248340385;0.0;-154.90987236496255;2.356194490192345
vector;0.0;151.0744108252729;0.0;3.9269908169872414
bot;sch.Simone 0.1l;623.2674407798594;315.99125086563487;5.636327796635857
vector;623.2674407798594;315.99125086563487;-43.882117644357436;0.9065295820735928
bullet;sch.Simone 0.1l;588.5856178721101;306.6201518781236
vector;588.5856178721101;306.6201518781236;-68.1894997770591;-0.5626104231286408
vector;412.63611248340385;151.0744108252729;110.87523555429658;4.940641719487054
end turn
start turn
bot;amarok.Rookie;405.181480200178;153.97759141247147;5.083764552998391
vector;405.181480200178;600.0;0.0;0.7853981633974483
vector;800.0;153.97759141247147;-0.06711934266209128;2.356194490192345
vector;405.181480200178;0.0;-151.31756381802208;2.356194490192345
vector;0.0;153.97759141247147;0.0;3.9269908169872414
bot;sch.Simone 0.1l;625.9979085249227;311.4531556701086;5.7415335917573245
vector;625.9979085249227;311.4531556701086;-41.462905254691194;0.9512982860505899
bullet;sch.Simone 0.1l;574.2059025849992;297.55241851958084
vector;574.2059025849992;297.55241851958084;-79.41271572615763;-0.5626104231286408
vector;405.181480200178;153.97759141247147;99.70413168109675;4.871510291389734
end turn
start turn
bot;amarok.Rookie;397.54249138612016;156.353691136536;5.013951382918617
vector;397.54249138612016;600.0;0.0;5.497787143782138
vector;800.0;156.353691136536;0.0;2.356194490192345
vector;397.54249138612016;0.0;-148.40880955697622;3.9269908169872414
vector;0.0;156.353691136536;-0.01509837146823401;3.9269908169872414
bot;sch.Simone 0.1l;629.1126020786717;307.1696470408742;5.654478419534239
vector;629.1126020786717;307.1696470408742;-38.22235967544967;0.9935249185729162
bullet;sch.Simone 0.1l;559.8261872978883;288.48468516103804
vector;559.8261872978883;288.48468516103804;-90.94331786774987;-0.5626104231286417
vector;397.54249138612016;156.353691136536;121.64302313168376;1.5118498619500311
end turn
start turn
bot;amarok.Rookie;391.70289466667805;157.7317731929757;4.944138212838844
vector;391.70289466667805;600.0;0.0;5.497787143782138
vector;800.0;157.7317731929757;0.0;2.356194490192345
vector;391.70289466667805;0.0;-146.7347343005494;3.9269908169872414
vector;0.0;157.7317731929757;-0.17210489228059891;3.9269908169872414
bot;sch.Simone 0.1l;631.7602553345031;302.5827423822428;5.759684214655706
vector;631.7602553345031;302.5827423822428;-35.77620589294331;1.027879483556723
bullet;sch.Simone 0.1l;545.4464720107774;279.4169518024953
vector;545.4464720107774;279.4169518024953;-103.96620611920038;-0.5626104231286417
vector;391.70289466667805;157.7317731929757;128.72738672085944;1.5905748945975589
end turn
start turn
bot;amarok.Rookie;387.7396975425019;158.27313125832805;4.848145103979156
vector;387.7396975425019;600.0;0.0;5.497787143782138
vector;800.0;158.27313125832805;0.0;2.356194490192345
vector;387.7396975425019;0.0;-146.07969767913374;3.9269908169872414
vector;0.0;158.27313125832805;-0.37578754087333394;3.9269908169872414
bot;sch.Simone 0.1l;634.232187509793;297.898800299845;5.797587989099665
vector;634.232187509793;297.898800299845;-34.05238979160733;1.0554113437788022
bullet;sch.Simone 0.1l;531.0667567236665;270.34921844395257
vector;531.0667567236665;270.34921844395257;-118.87081990050436;-0.5626104231286417
vector;387.7396975425019;158.27313125832805;138.02465390992666;1.6707453209486711
end turn
start turn
bot;amarok.Rookie;385.73988203961767;158.30029657488652;4.725972056339552
vector;385.73988203961767;600.0;0.0;5.497787143782138
vector;800.0;158.30029657488652;0.0;2.356194490192345
vector;385.73988203961767;0.0;-146.04686658946952;3.9269908169872414
vector;0.0;158.30029657488652;-0.5083774106100469;3.9269908169872414
bot;sch.Simone 0.1l;636.1985829832156;292.98117374299954;5.902793784221132
vector;636.1985829832156;292.98117374299954;-33.42350320595946;1.0774169143696453
bullet;sch.Simone 0.1l;516.6870414365555;261.2814850854098
vector;516.6870414365555;261.2814850854098;-136.20037535244262;-0.5626104231286417
vector;385.73988203961767;158.30029657488652;149.37731167830168;1.7553135015304238
end turn
start turn
bot;amarok.Rookie;385.73988203961767;158.30029657488652;4.87432504275907
vector;385.73988203961767;600.0;0.0;5.497787143782138
vector;800.0;158.30029657488652;0.0;2.356194490192345
vector;385.73988203961767;0.0;-146.04686658946952;3.9269908169872414
vector;0.0;158.30029657488652;-0.5083774106100469;3.9269908169872414
bot;sch.Simone 0.1l;638.4272814869366;288.17673151834936;5.848846539462848
vector;638.4272814869366;288.17673151834936;-33.575905871407045;1.09602685177068
bullet;sch.Simone 0.1l;502.3073261494447;252.2137517268671
vector;502.3073261494447;252.2137517268671;-156.6351902524223;-0.5626104231286417
vector;385.73988203961767;158.30029657488652;163.4107109334299;1.8447607099169487
end turn
start turn
bot;amarok.Rookie;386.68380837261594;157.9701404332316;5.048857967958503
vector;386.68380837261594;600.0;0.0;5.497787143782138
vector;800.0;157.9701404332316;0.0;2.356194490192345
vector;386.68380837261594;0.0;-146.44613230477407;3.9269908169872414
vector;0.0;157.9701404332316;-0.44330239864303317;3.9269908169872414
bot;sch.Simone 0.1l;640.8687817448041;283.47685507302424;5.8040740076958866
vector;640.8687817448041;283.47685507302424;-33.94122200876014;1.1121520848852384
bullet;sch.Simone 0.1l;487.9276108623338;243.14601836832432
vector;487.9276108623338;243.14601836832432;-179.14837269084748;-0.5626104231286417
vector;386.68380837261594;157.9701404332316;180.24538654566044;1.9260582594677247
end turn
start turn
bot;amarok.Rookie;388.4409718040366;157.0149563277954;5.210300923767978
vector;388.4409718040366;600.0;0.0;5.497787143782138
vector;800.0;157.0149563277954;0.0;2.356194490192345
vector;388.4409718040366;0.0;-147.60432862095797;3.9269908169872414
vector;0.0;157.0149563277954;-0.33402783208769093;3.9269908169872414
bot;sch.Simone 0.1l;643.0552939977914;278.6530675281559;5.857609517037564
vector;643.0552939977914;278.6530675281559;-34.70520589524803;1.1251190406650018
bullet;sch.Simone 0.1l;473.5478955752229;234.07828500978158
vector;473.5478955752229;234.07828500978158;-203.3295583869394;-0.5626104231286417
vector;388.4409718040366;157.0149563277954;199.53085785913092;1.9961863248765463
end turn
start turn
bot;amarok.Rookie;391.2595433665457;155.9875059168192;5.06194793734846
vector;391.2595433665457;600.0;0.0;5.497787143782138
vector;800.0;155.9875059168192;0.0;2.356194490192345
vector;391.2595433665457;0.0;-148.85524317173585;3.9269908169872414
vector;0.0;155.9875059168192;-0.1909889554032382;3.9269908169872414
bot;sch.Simone 0.1l;644.7576600214744;273.63791927193256;5.955944549191377
vector;644.7576600214744;273.63791927193256;-36.319312504747856;1.1362726148998297
bullet;sch.Simone 0.1l;459.168180288112;225.0105516512388
vector;459.168180288112;225.0105516512388;-229.78235377170586;-0.5626104231286426
vector;391.2595433665457;155.9875059168192;221.13486083340004;2.0617767503722506
end turn
start turn
bot;amarok.Rookie;394.79857509575163;154.12330248916606;5.19721095437802
vector;394.79857509575163;600.0;0.0;5.497787143782138
vector;800.0;154.12330248916606;0.0;2.356194490192345
vector;394.79857509575163;0.0;-151.1383759470853;3.9269908169872414
vector;0.0;154.12330248916606;-0.0676370525863379;3.9269908169872414
bot;sch.Simone 0.1l;646.7985334145724;268.75073215623553;5.887601963192857
vector;646.7985334145724;268.75073215623553;-37.917581897125274;1.143899207997852
bullet;sch.Simone 0.1l;444.7884650010011;215.94281829269607
vector;444.7884650010011;215.94281829269607;-256.7966780188094;-0.5626104231286417
vector;394.79857509575163;154.12330248916606;244.36537606976427;2.112511755175827
end turn
start turn
bot;amarok.Rookie;398.90540394032433;151.27129322526358;5.319384002017624
vector;398.90540394032433;600.0;0.0;5.497787143782138
vector;800.0;151.27129322526358;0.0;2.356194490192345
vector;398.90540394032433;0.0;-154.66492393458205;3.9269908169872414
vector;0.0;151.27129322526358;-0.002995351334643737;3.9269908169872414
bot;sch.Simone 0.1l;648.3705740429576;263.69321790779344;5.981820155283573
vector;648.3705740429576;263.69321790779344;-39.92553974725431;1.1474005063398902
bullet;sch.Simone 0.1l;430.4087497138902;206.87508493415334
vector;430.4087497138902;206.87508493415334;-282.394449904273;-0.5626104231286417
vector;398.90540394032433;151.27129322526358;266.988421358346;2.148955868738324
end turn
start turn
bot;amarok.Rookie;404.1768942345863;148.40574090895498;5.210300923767978
vector;404.1768942345863;600.0;0.0;0.7853981633974483
vector;800.0;148.40574090895498;-0.04361611361730097;2.356194490192345
vector;404.1768942345863;0.0;-158.24917801892974;2.356194490192345
vector;0.0;148.40574090895498;0.0;3.9269908169872414
bot;sch.Simone 0.1l;649.9902921563739;258.65077055124516;5.972379103375292
vector;649.9902921563739;258.65077055124516;-42.63867834174085;1.1491982216273389
bullet;sch.Simone 0.1l;416.0290344267793;197.8073515756106
vector;416.0290344267793;197.8073515756106;-304.8455448544998;-0.5626104231286417
vector;404.1768942345863;148.40574090895498;148.8716229161561;3.0624591620903057
end turn
start turn
bot;amarok.Rookie;409.97822634516405;144.4885294335838;5.306294032627666
vector;409.97822634516405;600.0;0.0;0.7853981633974483
vector;800.0;144.4885294335838;-0.2489125024883146;2.356194490192345
vector;409.97822634516405;0.0;-163.2152789775314;2.356194490192345
vector;0.0;144.4885294335838;0.0;3.9269908169872414
bot;sch.Simone 0.1l;651.853597201726;253.69316463523535;5.923671608355058
vector;651.853597201726;253.69316463523535;-45.30280642218524;1.146702893810514
vector;409.97822634516405;144.4885294335838;184.4137219461749;5.265917076957402
end turn
start turn
bot;amarok.Rookie;414.2316019900889;141.86007064121895;5.265917076957402
vector;414.2316019900889;600.0;0.0;0.7853981633974483
vector;800.0;141.86007064121895;-0.5063462380107562;2.356194490192345
vector;414.2316019900889;0.0;-166.59055782339115;2.356194490192345
vector;0.0;141.86007064121895;0.0;3.9269908169872414
bot;sch.Simone 0.1l;653.716902247078;248.73555871922548;5.923671608355058
vector;653.716902247078;248.73555871922548;-47.43697802063783;1.1510472634316002
bullet;sch.Simone 0.1l;637.8528286908631;244.0506296415093
vector;637.8528286908631;244.0506296415093;-59.39436362965965;2.5384809434546147
vector;414.2316019900889;141.86007064121895;244.7765082939836;5.360356168378121
end turn
start turn
bot;amarok.Rookie;416.62353913925625;140.04937003801774;5.360356168378121
vector;416.62353913925625;600.0;0.0;0.7853981633974483
vector;800.0;140.04937003801774;-0.6908551337859612;2.356194490192345
vector;416.62353913925625;0.0;-168.93582504407857;2.356194490192345
vector;0.0;140.04937003801774;0.0;3.9269908169872414
bot;sch.Simone 0.1l;655.2515373265834;243.6665689497308;5.9892077746811925
vector;655.2515373265834;243.6665689497308;-48.89260639665924;1.1611417200815666
bullet;sch.Simone 0.1l;623.8520601800003;234.40809464778323
vector;623.8520601800003;234.40809464778323;-74.21834069397568;2.5384809434546147
vector;416.62353913925625;140.04937003801774;262.5182053931938;5.375481706746573
end turn
start turn
bot;amarok.Rookie;417.41163139300784;139.4338128923548;5.375481706746573
vector;417.41163139300784;600.0;0.0;0.7853981633974483
vector;800.0;139.4338128923548;-0.75791226941494;2.356194490192345
vector;417.41163139300784;0.0;-169.7368446595409;2.356194490192345
vector;0.0;139.4338128923548;0.0;3.9269908169872414
bot;sch.Simone 0.1l;656.6320975625972;238.5534666091525;6.01946935229061
vector;656.6320975625972;238.5534666091525;-49.743156238426614;1.1779855976441382
bullet;sch.Simone 0.1l;609.8512916691375;224.76555965405717
vector;609.8512916691375;224.76555965405717;-89.76599328111088;2.5384809434546147
vector;417.41163139300784;139.4338128923548;279.38586654108366;5.391331151199253
end turn
start turn
bot;amarok.Rookie;416.63339395382144;140.0617830256005;5.391331151199253
vector;416.63339395382144;600.0;0.0;0.7853981633974483
vector;800.0;140.0617830256005;-0.6916744860575591;2.356194490192345
vector;416.63339395382144;0.0;-168.919691609575;2.356194490192345
vector;0.0;140.0617830256005;0.0;3.9269908169872414
bot;sch.Simone 0.1l;657.7718492127445;233.3813559871263;6.066286972819986
vector;657.7718492127445;233.3813559871263;-50.0090489946896;1.201550474839423
bullet;sch.Simone 0.1l;595.8505231582747;215.1230246603311
vector;595.8505231582747;215.1230246603311;-105.77995619975226;2.5384809434546147
vector;416.63339395382144;140.0617830256005;295.0529388489413;5.40762972639174
end turn
start turn
bot;amarok.Rookie;415.0975949352248;141.34292367926716;5.40762972639174
vector;415.0975949352248;600.0;0.0;0.7853981633974483
vector;800.0;141.34292367926716;-0.569843432070312;2.356194490192345
vector;415.0975949352248;0.0;-167.2587078269735;2.356194490192345
vector;0.0;141.34292367926716;0.0;3.9269908169872414
bot;sch.Simone 0.1l;658.362166352392;228.11815470034958;6.171492767941453
vector;658.362166352392;228.11815470034958;-50.212721105498126;1.2281551424724144
bullet;sch.Simone 0.1l;581.8497546474118;205.48048966660505
vector;581.8497546474118;205.48048966660505;-122.47689536776005;2.5384809434546147
vector;415.0975949352248;141.34292367926716;310.65412228751114;5.423138223839565
end turn
start turn
bot;amarok.Rookie;412.82397509225353;143.30012903631263;5.423138223839565
vector;412.82397509225353;600.0;0.0;0.7853981633974483
vector;800.0;143.30012903631263;-0.41113584291684757;2.356194490192345
vector;412.82397509225353;0.0;-164.73705938193436;2.356194490192345
vector;0.0;143.30012903631263;0.0;3.9269908169872414
bot;sch.Simone 0.1l;659.401785590931;223.40043772594026;6.066286972819986
vector;659.401785590931;223.40043772594026;-49.51810893921307;1.256701912269909
bullet;sch.Simone 0.1l;567.8489861365489;195.837954672879
vector;567.8489861365489;195.837954672879;-139.6112336159115;2.5384809434546156
vector;412.82397509225353;143.30012903631263;325.473981747596;5.43995930429172
end turn
start turn
bot;amarok.Rookie;409.83680517842396;145.96035758023726;5.43995930429172
vector;409.83680517842396;600.0;0.0;0.7853981633974483
vector;800.0;145.96035758023726;-0.24190684029567106;2.356194490192345
vector;409.83680517842396;0.0;-161.3403498019023;2.356194490192345
vector;0.0;145.96035758023726;0.0;3.9269908169872414
bot;sch.Simone 0.1l;660.3142852341947;220.72062833779353;5.954990471250599
vector;660.3142852341947;220.72062833779353;-48.02741051980933;1.2807428492959074
bullet;sch.Simone 0.1l;553.8482176256861;186.19541967915293
vector;553.8482176256861;186.19541967915293;-156.84254884826555;2.5384809434546156
vector;409.83680517842396;145.96035758023726;338.9372827138429;5.456993796352187
end turn
start turn
bot;amarok.Rookie;406.1600263353797;149.34876389284824;5.456993796352187
vector;406.1600263353797;600.0;0.0;0.7853981633974483
vector;800.0;149.34876389284824;-0.09486481113142901;2.356194490192345
vector;406.1600263353797;0.0;-157.06510540510783;2.356194490192345
vector;0.0;149.34876389284824;0.0;3.9269908169872414
bot;sch.Simone 0.1l;660.5900364457267;219.93681230767038;5.944902452794067
vector;660.5900364457267;219.93681230767038;-46.212570967656205;1.3001667844711555
bullet;sch.Simone 0.1l;539.8474491148232;176.55288468542687
vector;539.8474491148232;176.55288468542687;-173.6765025127381;2.5384809434546156
vector;406.1600263353797;149.34876389284824;350.8198417208687;5.472871797356485
end turn
start turn
bot;amarok.Rookie;401.81300651555676;153.48439186040846;5.472871797356485
vector;401.81300651555676;600.0;0.0;0.7853981633974483
vector;800.0;153.48439186040846;-0.008217481563628205;2.356194490192345
vector;401.81300651555676;0.0;-151.9248626410816;2.356194490192345
vector;0.0;153.48439186040846;0.0;3.9269908169872414
bot;sch.Simone 0.1l;660.2432220218794;221.05327923469275;5.981999826405376
vector;660.2432220218794;221.05327923469275;-44.1444318118133;1.3150622042278304
bullet;sch.Simone 0.1l;525.8466806039604;166.91034969170082
vector;525.8466806039604;166.91034969170082;-189.39512015150427;2.5384809434546156
vector;401.81300651555676;153.48439186040846;360.51357731166064;5.487350903868451
end turn
start turn
bot;amarok.Rookie;396.811872781537;158.38221396563537;5.487350903868451
vector;396.811872781537;600.0;0.0;5.497787143782138
vector;800.0;158.38221396563537;0.0;2.356194490192345
vector;396.811872781537;0.0;-145.94788632037003;3.9269908169872414
vector;0.0;158.38221396563537;-0.02541038790276194;3.9269908169872414
bot;sch.Simone 0.1l;659.2794507068611;222.99650070124363;5.822770293915642
vector;659.2794507068611;222.99650070124363;-42.05265131659417;1.329416110589941
bullet;sch.Simone 0.1l;511.8459120930976;157.26781469797476
vector;511.8459120930976;157.26781469797476;-203.00630603448107;2.5384809434546156
vector;396.811872781537;158.38221396563537;265.6494543195023;6.08324221735461
end turn
start turn
bot;amarok.Rookie;391.5794413718748;164.43379735704463;5.570254043338182
vector;391.5794413718748;600.0;0.0;5.497787143782138
vector;800.0;164.43379735704463;0.0;2.356194490192345
vector;391.5794413718748;0.0;-138.7285895690548;3.9269908169872414
vector;0.0;164.43379735704463;-0.17726451902423465;3.9269908169872414
bot;sch.Simone 0.1l;657.4729407865175;225.60028120186325;5.676630730815866
vector;657.4729407865175;225.60028120186325;-40.425298663346126;1.3446887228086526
bullet;sch.Simone 0.1l;497.84514358223475;147.6252797042487
vector;497.84514358223475;147.6252797042487;-213.76365672331264;2.5384809434546156
vector;391.5794413718748;164.43379735704463;272.4562477206637;6.052018082745176
end turn
start turn
bot;amarok.Rookie;386.78189302009866;170.83563535970998;5.6400672134179555
vector;386.78189302009866;600.0;0.0;5.497787143782138
vector;800.0;170.83563535970998;0.0;2.356194490192345
vector;386.78189302009866;0.0;-131.29076505246954;3.9269908169872414
vector;0.0;170.83563535970998;-0.4367958803302911;3.9269908169872414
bot;sch.Simone 0.1l;655.5717991999503;229.31067172410275;5.809680324525685
vector;655.5717991999503;229.31067172410275;-39.01440388604029;1.35658485182066
bullet;sch.Simone 0.1l;483.8443750713719;137.98274471052264
vector;483.8443750713719;137.98274471052264;-221.30780640120028;2.5384809434546156
vector;386.78189302009866;170.83563535970998;276.2635555962876;6.025122010251193
end turn
start turn
bot;amarok.Rookie;382.4426008995306;177.55653886239293;5.709880383497729
vector;382.4426008995306;600.0;0.0;5.497787143782138
vector;800.0;177.55653886239293;0.0;2.356194490192345
vector;382.4426008995306;0.0;-123.70273350719528;3.9269908169872414
vector;0.0;177.55653886239293;-0.7706556579329102;3.9269908169872414
bot;sch.Simone 0.1l;652.8701794313922;233.3155328000838;5.689720700205823
vector;652.8701794313922;233.3155328000838;-38.36800688041845;1.3674576522736048
bullet;sch.Simone 0.1l;469.8436065605091;128.3402097167966
vector;469.8436065605091;128.3402097167966;-224.5420616447965;2.5384809434546156
vector;382.4426008995306;177.55653886239293;276.12617986314865;6.000868635431583
end turn
start turn
bot;amarok.Rookie;378.5827056051979;184.56376429881126;5.779693553577502
vector;378.5827056051979;600.0;0.0;5.497787143782138
vector;800.0;184.56376429881126;0.0;2.356194490192345
vector;378.5827056051979;0.0;-116.03192913274538;3.9269908169872414
vector;0.0;184.56376429881126;-1.1467512479840565;3.9269908169872414
bot;sch.Simone 0.1l;649.9338460269335;237.15162557133294;5.629869928980023
vector;649.9338460269335;237.15162557133294;-38.192439618427024;1.37936931456602
bullet;sch.Simone 0.1l;455.8428380496463;118.69767472307052
vector;455.8428380496463;118.69767472307052;-222.71725425459974;2.5384809434546156
vector;378.5827056051979;184.56376429881126;271.3747514467493;5.980224537746325
end turn
start turn
bot;amarok.Rookie;375.2210121589792;191.8231731710026;5.849506723657275
vector;375.2210121589792;600.0;0.0;5.497787143782138
vector;800.0;191.8231731710026;0.0;2.356194490192345
vector;375.2210121589792;0.0;-108.34397807147593;3.9269908169872414
vector;0.0;191.8231731710026;-1.5349955960636426;3.9269908169872414
bot;sch.Simone 0.1l;647.3948714320295;241.26152455040824;5.729801589387453
vector;647.3948714320295;241.26152455040824;-38.0519494399852;1.3911128526140129
vector;375.2210121589792;191.8231731710026;81.52790022837439;0.5164312493729781
end turn
start turn
bot;amarok.Rookie;372.32609068822967;197.07859224831634;5.779693553577502
vector;372.32609068822967;600.0;0.0;5.497787143782138
vector;800.0;197.07859224831634;0.0;2.356194490192345
vector;372.32609068822967;0.0;-102.94274430981265;3.9269908169872414
vector;0.0;197.07859224831634;-1.9146131414902214;3.9269908169872414
bot;sch.Simone 0.1l;644.9788184387071;245.4448664615157;5.759443222350177
vector;644.9788184387071;245.4448664615157;-37.878249941815376;1.3952311773808965
vector;372.32609068822967;197.07859224831634;76.92912194965999;0.4995198183057763
end turn
start turn
bot;amarok.Rookie;370.06922173967644;200.38109774400536;5.683700444717814
vector;370.06922173967644;600.0;-3.6308872621498975E-4;5.497787143782138
vector;800.0;200.38109774400536;0.0;2.356194490192345
vector;370.06922173967644;0.0;-99.61926534472086;3.9269908169872414
vector;0.0;200.38109774400536;-2.2396287181716446;3.9269908169872414
bot;sch.Simone 0.1l;643.0423444309151;249.87066921682668;5.870739723919564
vector;643.0423444309151;249.87066921682668;-37.56277750496411;1.391446088877271
vector;370.06922173967644;200.38109774400536;74.14033919630276;0.49264256167780296
end turn
start turn
bot;amarok.Rookie;368.747961356678;201.88252073580975;5.56152739707821
vector;368.747961356678;600.0;-0.008859710801884193;5.497787143782138
vector;800.0;201.88252073580975;0.0;2.356194490192345
vector;368.747961356678;0.0;-98.12633897499214;3.9269908169872414
vector;0.0;201.88252073580975;-2.4417247984092305;3.9269908169872414
bot;sch.Simone 0.1l;641.8241390459311;253.79282670946384;5.982036225488951
vector;641.8241390459311;253.79282670946384;-37.23054364808877;1.38294308074245
vector;368.747961356678;201.88252073580975;72.86196759642964;0.4939291620147124
end turn
start turn
bot;amarok.Rookie;368.747961356678;201.88252073580975;5.4131744106586925
vector;368.747961356678;600.0;-0.008859710801884193;5.497787143782138
vector;800.0;201.88252073580975;0.0;2.356194490192345
vector;368.747961356678;0.0;-98.12633897499214;3.9269908169872414
vector;0.0;201.88252073580975;-2.4417247984092305;3.9269908169872414
bot;sch.Simone 0.1l;641.4461456055185;255.86563059952724;6.102808814121029
vector;641.4461456055185;255.86563059952724;-37.2160610307578;1.375363858539414
vector;368.747961356678;201.88252073580975;72.65300540298384;0.496541952265221
end turn
start turn
bot;amarok.Rookie;369.6126568478867;201.38022430193496;5.23864148545926
vector;369.6126568478867;600.0;-0.004762547809129612;5.497787143782138
vector;800.0;201.38022430193496;0.0;2.356194490192345
vector;369.6126568478867;0.0;-98.62453824587418;3.9269908169872414
vector;0.0;201.38022430193496;-2.30847655961072;3.9269908169872414
bot;sch.Simone 0.1l;641.4319951238488;255.97167786316712;6.150533282746853
vector;641.4319951238488;255.97167786316712;-37.67065846900394;1.372595830376433
vector;369.6126568478867;201.38022430193496;72.63397823235516;0.4940175146152299
end turn
start turn
bot;amarok.Rookie;371.48104029884405;200.6666815350397;5.077198529649785
vector;371.48104029884405;600.0;-0.00111116067290718;5.497787143782138
vector;800.0;200.6666815350397;0.0;2.356194490192345
vector;371.48104029884405;0.0;-99.33442962563322;3.9269908169872414
vector;0.0;200.6666815350397;-2.0333276560903926;3.9269908169872414
bot;sch.Simone 0.1l;641.4472116662943;254.0787262088204;6.275146953601179
vector;641.4472116662943;254.0787262088204;-38.93812128851544;1.375471644226014
vector;371.48104029884405;200.6666815350397;72.33472198319747;0.48121990006047444
end turn
start turn
bot;amarok.Rookie;374.41103411088955;200.02237084804528;4.928845543230267
vector;374.41103411088955;600.0;-1.2511371056629922E-6;5.497787143782138
vector;800.0;200.02237084804528;0.0;2.356194490192345
vector;374.41103411088955;0.0;-99.97763040309182;3.9269908169872414
vector;0.0;200.02237084804528;-1.636987938185146;3.9269908169872414
bot;sch.Simone 0.1l;641.6925249084754;251.19613283698163;6.198288285017078
vector;641.6925249084754;251.19613283698163;-40.87283387096263;1.3816254556201653
vector;374.41103411088955;200.02237084804528;71.57358147485954;0.4589672375283911
end turn
start turn
bot;amarok.Rookie;378.3978565688055;199.69795338695985;4.793582526200707
vector;378.3978565688055;600.0;0.0;5.497787143782138
vector;800.0;199.69795338695985;0.0;2.356194490192345
vector;378.3978565688055;0.0;-100.30227469343129;3.9269908169872414
vector;0.0;199.69795338695985;-1.1666315020547513;3.9269908169872414
bot;sch.Simone 0.1l;642.3377480200893;247.35696158582607;6.116678223586747
vector;642.3377480200893;247.35696158582607;-43.42268553986462;1.392153599410185
vector;378.3978565688055;199.69795338695985;70.30151665823718;0.42548294578876344
end turn
